{"D:\\DoorConsult\\DoorConsult\\src\\utils\\products.helper.ts": {"path":"D:\\DoorConsult\\DoorConsult\\src\\utils\\products.helper.ts","statementMap":{"0":{"start":{"line":4,"column":0},"end":{"line":4,"column":16}},"1":{"start":{"line":6,"column":2},"end":{"line":12,"column":3}},"2":{"start":{"line":8,"column":4},"end":{"line":8,"column":55}},"3":{"start":{"line":8,"column":37},"end":{"line":8,"column":53}},"4":{"start":{"line":11,"column":4},"end":{"line":11,"column":28}},"5":{"start":{"line":15,"column":28},"end":{"line":21,"column":1}},"6":{"start":{"line":16,"column":22},"end":{"line":16,"column":51}},"7":{"start":{"line":17,"column":14},"end":{"line":17,"column":24}},"8":{"start":{"line":18,"column":19},"end":{"line":18,"column":62}},"9":{"start":{"line":20,"column":2},"end":{"line":20,"column":23}},"10":{"start":{"line":15,"column":13},"end":{"line":15,"column":28}}},"fnMap":{"0":{"name":"toggleFilterItem","decl":{"start":{"line":4,"column":16},"end":{"line":4,"column":32}},"loc":{"start":{"line":4,"column":55},"end":{"line":13,"column":1}}},"1":{"name":"(anonymous_1)","decl":{"start":{"line":8,"column":24},"end":{"line":8,"column":25}},"loc":{"start":{"line":8,"column":37},"end":{"line":8,"column":53}}},"2":{"name":"(anonymous_2)","decl":{"start":{"line":15,"column":28},"end":{"line":15,"column":29}},"loc":{"start":{"line":15,"column":50},"end":{"line":21,"column":1}}}},"branchMap":{"0":{"loc":{"start":{"line":6,"column":2},"end":{"line":12,"column":3}},"type":"if","locations":[{"start":{"line":6,"column":2},"end":{"line":12,"column":3}},{"start":{"line":9,"column":9},"end":{"line":12,"column":3}}]}},"s":{"0":1,"1":4,"2":1,"3":3,"4":3,"5":1,"6":0,"7":0,"8":0,"9":0,"10":1},"f":{"0":4,"1":3,"2":0},"b":{"0":[1,3]}}
}
